[    0.000000] Linux version 4.15.0-45-generic (buildd@lgw01-amd64-031) (gcc version 7.3.0 (Ubuntu 7.3.0-16ubuntu3)) #48-Ubuntu SMP Tue Jan 29 16:28:13 UTC 2019 (Ubuntu 4.15.0-45.48-generic 4.15.18)
[    0.000000] Command line: BOOT_IMAGE=/boot/vmlinuz-4.15.0-45-generic root=LABEL=cloudimg-rootfs ro console=tty1 console=ttyS0
[    0.000000] KERNEL supported cpus:
[    0.000000]   Intel GenuineIntel
[    0.000000]   AMD AuthenticAMD
[    0.000000]   Centau Cntauauls
   0.000000] x86/fpu: Supporting XSAVE feature 0x001: 'x87 floating pontregisters'
[    0.000000] x86/fpu: Supporting XSAVE feature 0x002: 'SSE registers'
[    0.000000] x86/fpu: Supporting XSAVE feature 0x004: 'AVX registers'
[    0.000000] x86/fpu: xstate_offset[2]:  576, xstate_sizes[2]:  256
[    0.000000] x86/fpu: Enabled xstate features 0x7, context size is 832 bytes, using 'standard' format.
[    0.000000] e820: BIOS-provided physical RAM map:
[    0.000000] BIOS-e820: [mem 0x0000000000000000-0x000000000009fbff] usable
[    0.000000] BIOS-e820: [mem 0x000000000009fc00-0x000000000009ffff] reserved
[    0.000000] BIOS-e820: [mem 0x00000000000f0000-0x00000000000fffff] reserved
[    0.000000] BIOS-e820: [mem 0x0000000000100000-0x000000003ffeffff] usable
[    0.000000] BIOS-e820: [mem 0x000000003fff0000-0x000000003fffffff] ACPI data
[    0.000000] BIOS-e820: [mem 0x00000000fec00000x000000fec00fff] reserved
[    0.000000] BIOS-e820: [mem 0x00000000fee00000-0x00000000fee00fff] reserved
[    0.000000] BIOS-e820: [mem 0x0000000ffc0000-0x00000000ffffffff] reserved
[    0.000000] NX (Execute Disable) protection: active
[    0.000000] SMBIOS 2.5 present.
[    0.000000] DMI: innotek GmbH VirtualBox/VirtualBox, BIOS VirtualBox 12/01/2006
[    0.000000] Hypervisor detected: KVM
[    0.000000] e820: last_pfn = 0x3fff0 max_arch_pfn = 0x400000000
[    0.000000] MTRR: Disabled
[    0.000000] x86/PAT: MTRRs disabled, skipping PAT initialization too.
[    0.000000] CPU MTRRs all blank - virtualized system.
[    0.000000] x86/PAT: Configuration [0-7]: WB  WT  UC- UC  WB  WT  UC- UC  
[    0.000000] found SMP MP-table at [mem 0x0009fff0-0x0009ffff] mapped at [        (ptrval)]
[    0.000000] Scanning 1 areas for low memory corruption
[    0.000000] RAMDISK: [mem 0x35adf000-0x36d66fff]
[    0.000000] ACPI: Early table checksum verification disabled
[    0.000000] ACPI: RSDP 0x00000000000E0000 000024 (v02 VBOX  )
[    0.000000] ACPI: XSDT 0x000000003FFF0030 00003C (v01 VBOX   VBOXXSDT 00000001 ASL  00000061)
[    0.000000] ACPI: FACP 0x000000003FFF00F0 0000F4 (v04 VBOX   VBOXFACP 00000001 ASL  00000061)
[    0.000000] ACPI: DSDT 0x000000003FFF0470 0021FF (v02 VBOX   VBOXBIOS 00000002 INTL 20180105)
[    0.000000] ACPI: FACS 0x000000003FFF0200 000040
[    0.000000] ACPI: FACS 0x000000003FFF0200 000040
[    0.000000] ACPI: APIC 0x000000003FFF0240 00005C (v02 VBOX   VBOXAPIC 00000001 ASL  00000061)
[    0.000000] ACPI: SSDT 0x000000003FFF02A0 0001CC (v01 VBOX   VBOXCPUT 00000002 INTL 20180105)
[    0.000000] No NUMA configuration found
[    0.000000] Faking a node at [mem 0x0000000000000000-0x000000003ffeffff]
[    0.000000] NODE_DATA(0) allocated [mem 0x3ffc5000-0x3ffeffff]
[    0.000000] kvm-clock: cpu 0, msr 0:3ff44001, primary cpu clock
[    0.000000] kvm-clock: Uin msrs 4b564d01 and 4b564d00
[    0.000000] kvm-clock: using sched offset of 3666170850 cycles
[    0.000000] clocksource: kvm-clock: mask: 0xffffffffffffffff max_cycles: 0x1cd42e4dffb, max_idle_ns: 881590591483 ns
[    0.000000] Zone ranges:
[    0.000000]   DMA      [mem 0x0000000000001000-0x0000000000ffffff]
[    0.000000]   DMA32    [mem 0x0000000001000000-0x000000003ffeffff]
[    0.000000]   Normal   empty
[    0.000000]   Device   empty
[    0.000000] Movable zone start for each node
[    0.000000] Early memory node ranges
[    0.000000]   node   0: [mem 0x0000000000001000-0x000000000009efff]
[    0.000000]   node   0: [mem 0x0000000000100000-0x000000003ffeffff]
[    0.000000] Reserved but unavailable: 114 pages
[    0.000000] Initmem setup node 0 [mem 0x0000000000001000-0x000000003ffeffff]
[    0.000000] ACPI: PM-Timer IO Port: 0x4008
[    0.000000] IOAPIC[0]: apic_id 2, version 32, address 0xfec00000, GSI 0-23
[    0.000000] ACPI: INT_SRC_OVR (bus 0 bus_irq 0 global_irq 2 dfl dfl)
[    0.000000] ACPI: INT_SRC_OVR (bus 0 bus_irq 9 global_irq 9 low level)
[    0.000000] Using ACPI (MADT) for SMP configuration information
[    0.000000] smpboot: Allowing 2 CPUs, 0 hotplug CPUs
[    0.000000] PM: Registered nosave memory: [mem 0x00000000-0x00000fff]
[    0.000000] PM: Registered nosave memory: [mem 0x0009f000-0x0009ffff]
[    0.000000] PM: Registered nosave memory: [mem 0x000a0000-0x000effff]
[    0.000000] PM: Registered nosave memory: [mem 0x000f0000-0x000fffff]
[    0.000000] e820: [mem 0x40000000-0xfebfffff] available for PCI devices
[    0.000000] Booting paravirtualized kernel on KVM
[    0.000000] clocksource: refined-jiffies: mask: 0xffffffff max_cycles: 0xffffffff, max_idle_ns: 7645519600211568 ns
[    0.000000] random: get_random_bytes called from start_kernel+0x99/0x4fd with crng_init=0
[    0.000000] setup_percpu: NR_CPUS:8192 nr_cpumask_bits:2 nr_cpu_ids:2 nr_node_ids:1
[    0.000000] percpu: Embedded 46 pages/cpu @        (ptrval) s151552 r8192 d28672 u1048576
[    0.000000] PV qspinlock hash table entries: 256 (order: 0, 4096 bytes)
[    0.000000] Built 1 zonelists, mobility grouping on.  Total pages: 257913
[    0.000000] Policy zone: DMA32
[    0.000000] Kernel command line: BOOT_IMAGE=/boot/vmlinuz-4.15.0-45-generic root=LABEL=cloudimg-rootfs ro console=tty1 console=ttyS0
[    0.000000] Memory: 983608K/1048120K available (12300K kernel code, 2473K rwdata, 4252K rodata, 2408K init, 2416K bss, 64512K reserved, 0K cma-reserved)
[    0.000000] SLUB: HWalign=64, Order=0-3, MinObjects=0, CPUs=2, Nodes=1
[    0.000000] Kernel/User page tables isolation: enabled
[    0.000000] ftrace: allocating 39194 entries in 154 pages
[    0.004000] Hierarchical RCU implementation.
[    0.004000] 	RCU restricting CPUs from NR_CPUS=8192 to nr_cpu_ids=2.
[    0.004000] 	Tasks RCU enabled.
[    0.004000] RCU: Adjusting geometry for rcu_fanout_leaf=16, nr_cpu_ids=2
[    0.004000] NR_IRQS: 524544, nr_irqs: 440, preallocated irqs: 16
[    0.004000 Conole: colour VGA+ 80x25
[    0.004000] console [tty1] enabled
[    0.004000] console [ttyS0] enabled
[    0.004000] ACPI: Core revision 20170831
[    0.004000] ACPI: 2 ACPI AML tables successfully acquired and loaded
[    0.004000] APIC: Switch to symmetric I/O mode setup
[    0.004000] x2apic enabled
[    0.004000] Switched APIC routing to physical x2apic.
[    0.004000] ..TIMER: vector=0x30 apic1=0 pin1=2 apic2=-1 pin2=-1
[    0.004004] tsc: Detected 2596.990 MHz processor
[    0.004740] Calibrating delay loop (skipped) preset value.. 5193.98 BogoMIPS (lpj=10387960)
[    0.008004] pid_max: default: 32768 minimum: 301
[    0.009038] Security Framework initialized
[    0.009711] Yama: becoming mindful.
[    0.010799] AppArmor: AppArmor initialized
[    0.013145] Dentry cache hash table entries: 131072 (order: 8, 1048576 bytes)
[    0.014298] Inode-cache hash table entries: 65536 (order: 7, 524288 bytes)
[    0.015398] Mount-cache hash table entries: 2048 (order: 2, 16384 bytes)
[    0.016007] Mountpoint-cache hash table entries: 2048 (order: 2, 16384 bytes)
[    0.017598] mce: CPU supports 0 MCE banks
[    0.018572] Last level iTLB entries: 4KB 1024, 2MB 1024, 4MB 1024
[    0.020003] Last level dTLB entries: 4KB 1024, 2MB 1024, 4MB 1024, 1GB 4
[    0.021045] Spectre V2 : Mitigation: Full generic retpoline
[    0.022408] Spectre V2 : Spectre v2 / SpectreRSB mitigation: Filling RSB on context switch
[    0.024002] Speculative Store Bypass: Vulnerable
[    0.024856] Freeing SMP alternatives memory: 36K
[    0.032000] smpboot: CPU0: Intel(R) Xeon(R) CPU E5-2640 v3 @ 2.60GHz (family: 0x6, model: 0x3f, stepping: 0x2)
[    0.032064] Performance Events: unsupported p6 CPU model 63 no PMU driver, software events only.
[    0.036036] Hierarchical SRCU implementation.
[    0.037650] NMI watchdog: Perf event create on CPU 0 failed with -2
[    0.038649] NMI watchdog: Perf NMI watchdog permanently disabled
[    0.039619] smp: Bringing up secondary CPUs ...
[    0.040077] x86: Booting SMP configuration:
[    0.040779] .... node  #0, CPUs:      #1
[    0.004000] kvm-clock: cpu 1, msr 0:3ff44041, secondary cpu clock
[    0.004000] mce: CPU supports 0 MCE banks
[    0.047729] smp: Brought up 1 node, 2 CPUs
[    0.048005] smpboot: Max logical packages: 1
[    0.049517] smpboot: Total of 2 processors activated (10387.96 BogoMIPS)
[    0.050599] devtmpfs: initialized
[    0.050599] x86/mm: Memory block size: 128MB
[    0.052135] evm: security.selinux
[    0.056003] evm: security.SMACK64
[    0.060003] evm: security.SMACK64EXEC
[    0.060524] evm: security.SMACK64TRANSMUTE
[    0.061590] evm: security.SMACK64MMAP
[    0.062702] evm: security.apparmor
[    0.064002] evm: security.ima
[    0.066116] evm: security.capability
[    0.066622] clocksource: jiffies: mask: 0xffffffff max_cycles: 0xffffffff, max_idle_ns: 7645041785100000 ns
[    0.068012] futex hash table entries: 512 (order: 3, 32768 bytes)
[    0.069117] pinctrl core: initialized pinctrl subsystem
[    0.071199] RTC time: 22:47:22, date: 03/09/19
[    0.072105] NET: Registered protocol family 16
[    0.073038] audit: initializing netlink subsys (disabled)
[    0.076027] audit: type=2000 audit(1552171647.053:1): state=initialized audit_enabled=0 res=1
[    0.080028] cpuidle: using governor ladder
[    0.084010] cpuidle: using governor menu
[    0.085010] ACPI: bus type PCI registered
[    0.086067] acpiphp: ACPI Hot Plug PCI Controller Driver version: 0.5
[    0.088157] PCI: Using configuration type 1 for base access
[    0.093694] HugeTLB registered 2.00 MiB page size, pre-allocated 0 pages
[    0.096106] ACPI: Added _OSI(Module Device)
[    0.097108] ACPI: Added _OSI(Processor Device)
[    0.097808] ACPI: Added _OSI(3.0 _SCP Extensions)
[    0.098728] ACPI: Added _OSI(Processor Aggregator Device)
[    0.099516] ACPI: Added _OSI(Linux-Dell-Video)
[    0.100009] ACPI: Added _OSI(Linux-Lenovo-NV-HDMI-Audio)
[    0.101037] ACPI: Added _OSI(Linux-HPI-Hybrid-Graphics)
[    0.102480] ACPI: Executed 1 blocks of module-level executable AML code
[    0.109257] ACPI: Interpreter enabled
[    0.112016] ACPI: (supports S0 S5)
[    0.112985] ACPI: Using IOAPIC for interrupt routing
[    0.116435] PCI: Using host bridge windows from ACPI; if necessary, use "pci=nocrs" and report a bug
[    0.120135] ACPI: Enabled 2 GPEs in block 00 to 07
[    0.129066] ACPI: PCI Root Bridge [PCI0] (domain 0000 [bus 00-ff])
[    0.132008] acpi PNP0A03:00: _OSC: OS supports [ASPM ClockPM Segments MSI]
[    0.136030] acpi PNP0A03:00: _OSC: not requesting OS control; OS requires [ExtendedConfig ASPM ClockPM MSI]
[    0.140014] acpi PNP0A03:00: fail to add MMCONFIG information, can't access extended PCI configuration space under this bridge.
[    0.144343] PCI host bridge to bus 0000:00
[    0.148004] pci_bus 0000:00: root bus resource [io  0x0000-0x0cf7 window]
[    0.148911] pci_bus 0000:00: root bus resource [io  0x0d00-0xffff window]
[    0.149772] pci_bus 0000:00: root bus resource [mem 0x000a0000-0x000bffff window]
[    0.152003] pci_bus 0000:00: root bus resource [mem 0x40000000-0xfdffffff window]
[    0.156004] pci_bus 0000:00: root bus resource [bus 00-ff]
[    0.160137] pci 0000:00:01.1: legacy IDE quirk: reg 0x10: [io  0x01f0-0x01f7]
[    0.161081] pci 0000:00:01.1: legacy IDE quirk: reg 0x14: [io  0x03f6]
[    0.164004] pci 0000:00:01.1: legacy IDE quirk: reg 0x18: [io  0x0170-0x0177]
[    0.165164] pci 0000:00:01.1: legacy IDE quirk: reg 0x1c: [io  0x0376]
[    0.187454] pci 0000:00:07.0: quirk: [io  0x4000-0x403f] claimed by PIIX4 ACPI
[    0.188021] pci 0000:00:07.0: quirk: [io  0x4100-0x410f] claimed by PIIX4 SMB
[    0.203505] ACPI: PCI Interrupt Link [LNKA] (IRQs 5 9 10 *11)
[    0.204265] ACPI: PCI Interrupt Link [LNKB] (IRQs 5 9 *10 11)
[    0.205267] ACPI: PCI Interrupt Link [LNKC] (IRQs 5 *9 10 11)
[    0.206264] ACPI: PCI Interrupt Link [LNKD] (IRQs 5 9 10 *11)
[    0.208803] SCSI subsystem initialized
[    0.212097] pci 0000:00:02.0: vgaarb: setting as boot VGA device
[    0.214325] pci 0000:00:02.0: vgaarb: VGA device added: decodes=io+mem,owns=io+mem,locks=none
[    0.216021] pci 0000:00:02.0: vgaarb: bridge control possible
[    0.220005] vgaarb: loaded
[    0.221030] ACPI: bus type USB registered
[    0.221709] usbcore: registered new interface driver usbfs
[    0.222598] usbcore: registered new interface driver hub
[    0.224020] usbcore: registered new device driver usb
[    0.228057] EDAC MC: Ver: 3.0.0
[    0.232220] PCI: Using ACPI for IRQ routing
[    0.232985] NetLabel: Initializing
[    0.233567] NetLabel:  domain hash size = 128
[    0.234502] NetLabel:  protocols = UNLABELED CIPSOv4 CALIPSO
[    0.236249] NetLabel:  unlabeled traffic allowed by default
[    0.237148] clocksource: Switched to clocksource kvm-clock
[    0.24900] VFS: Disk quotas dquot_6.6.0
[  0137]FSDqt-chha tlentes51(oder 0, 4096 bytes)
[    1.052723] AppArmor: AppArmor Filesystem Enabled
[    1.065603] pnp: PnP ACPI init
[    1.066931] pnp: PnP ACPI: found 3 devices
[  17927clcksource: acpi_pm: mask: 0xffffff max_cycles: 0xffffff, max_idles:08014 
  1.75] T:egted otcofaly
[    2.099131] TCP established hash table entries: 8192 (order:  636yts)
[    2.298103] TCP bind hash table entries: 8192 (order: 5, 131072 bytes)
[    2.301324] TCP: Hash tables configured (established 8192 bind 8192)
[    2.304508] UDP hah blenie 5 (de 2164 te
  2.64] P-teastale entries: 512 (order: 2, 16384 bytes)
[    3.265231] NET: Registered protocol family 1
[    3.265911] pci 0000:00:00.0: Limiting direct PCI/PCI transfers
[    3.266808] pci 0000:00:01.0: Activting ISA DMA hang workarounds
[   3045 p 00::00:id dicwi sdod OM at [mem 0x000c0000-0x000dffff]
[    4.024244] Unpacking initramfs...
[    4.298025] Freeing initrd memory: 18976K
[    4.315053] platform rtc_cmos: registered platform RTC device (no PNP device found)
[    4.317402] Scanning for low memory corruption every 60 seconds
[    4.318966] Initialise system trusted keyrings
[    4.319903] Key type blacklist registered
[    4.328879] workingset: timestamp_bits=36 max_order=18 bucket_order=0
[    4.330760] zbud: loaded
[    4.331545] squashfs: version 4.0 (2009/01/31) Phillip Lougher
[    4.339459] fuse init (API version 7.26)
[    4.344881] Key type asymmetric registered
[    4.356884] Asymmetric key parser 'x509' registered
[    4.378673] Block layer SCSI generic (bsg) driver version 0.4 loaded (major 246)
[    4.389618] io scheduler noop registered
[    4.402205] io scheduler deadline registered
[    4.402945] io scheduler cfq registered (default)
[    4.409661] ACPI: AC Adapter [AC] (on-line)
[    4.410411] input: Power Button as /devices/LNXSYSTM:00/LNXPWRBN:00/input/input0
[    4.411937] ACPI: Power Button [PWRF]
[    4.412671] input: Sleep Button as /devices/LNXSYSTM:00/LNXSLPBN:00/input/input1
[    4.414100] ACPI: Sleep Button [SLPF]
[    4.417207] Serial: 8250/16550 driver, 32 ports, IRQ sharing enabled
[    4.440786] 00:02: ttyS0 at I/O 0x3f8 (irq = 4, base_baud = 115200) is a 16550A
[    4.460727] Linux agpgart interface v0.103
[    4.464446] loop: module loaded
[    4.469414] scsi host0: ata_piix
[    4.470207] scsi host1: ata_piix
[    4.470859] ata1: PATA max UDMA/33 cmd 0x1f0 ctl 0x3f6 bmdma 0xd000 irq 14
[    4.478033] ata2: PATA max UDMA/33 cmd 0x170 ctl 0x376 bmdma 0xd008 irq 15
[    4.481253] libphy: Fixed MDIO Bus: probed
[    4.482004] tun: Universal TUN/TAP device driver, 1.6
[    4.482948] PPP generic driver version 2.4.2
[    4.484404] ehci_hcd: USB 2.0 'Enhanced' Host Controller (EHCI) Driver
[    4.489715] ehci-pci: EHCI PCI platform driver
[    4.490490] ehci-platform: EHCI generic platform driver
[    4.491354] ohci_hcd: USB 1.1 'Open' Host Controller (OHCI) Driver
[    4.492795] ohci-pci: OHCI PCI platform driver
[    4.493549] ohci-platform: OHCI generic platform driver
[    4.496458] uhci_hcd: USB Universal Host Controller Interface driver
[    4.497534] i8042: PNP: PS/2 Controller [PNP0303:PS2K,PNP0f03:PS2M] at 0x60,0x64 irq 1,12
[    4.499553] serio: i8042 KBD port at 0x60,0x64 irq 1
[    4.506822] serio: i8042 AUX port at 0x60,0x64 irq 12
[    4.515777] mousedev: PS/2 mouse device common for all mice
[    4.521780] input: AT Translated Set 2 keyboard as /devices/platform/i8042/serio0/input/input2
[    4.527205] rtc_cmos rtc_cmos: rtc core: registered rtc_cmos as rtc0
[    4.529309] rtc_cmos rtc_cmos: alarms up to one day, 114 bytes nvram
[    4.530782] i2c /dev entries driver
[    4.537276] pcie_mp2_amd: AMD(R) PCI-E MP2 Communication Driver Version: 1.0
[    4.538628] device-mapper: uevent: version 1.0.3
[    4.539516] device-mapper: ioctl: 4.37.0-ioctl (2017-09-20) initialised: dm-devel@redhat.com
[    4.544870] ledtrig-cpu: registered to indicate activity on CPUs
[    4.546728] NET: Registered protocol family 10
[    4.556991] Segment Routing with IPv6
[    4.558004] NET: Registered protocol family 17
[    4.559243] Key type dns_resolver registered
[    4.561094] RAS: Correctable Errors collector initialized.
[    4.563290] sched_clock: Marking stable (4560974535, 0)->(5587340017, -1026365482)
[    4.566442] registered taskstats version 1
[    4.567192] Loading compiled-in X.509 certificates
[    4.571778] Loaded X.509 cert 'Build time autogenerated kernel key: e3b8f44ffaaceef3e3a84cfaebd8e5a9acebeaad'
[    4.574539] zswap: loaded using pool lzo/zbud
[    4.582007] Key type big_key registered
[    4.585005] Key type trusted registered
[    4.587787] Key type encrypted registered
[    4.589535] AppArmor: AppArmor sha1 policy hashing enabled
[    4.590648] ima: No TPM chip found, activating TPM-bypass! (rc=-19)
[    4.595038] ima: Allocated hash algorithm: sha1
[    4.595882] evm: HMAC attrs: 0x1
[    4.597992]   Magic number: 11:228:805
[    4.600470] rtc_cmos rtc_cmos: setting system clock to 2019-03-09 22:47:27 UTC (1552171647)
[    4.604498] BIOS EDD facility v0.16 2004-Jun-25, 0 devices found
[    4.605457] EDD information not available.
[    4.646114] Freeing unused kernel memory: 2408K
[    4.900171] Write protecting the kernel read-only data: 20480k
[    4.906455] Freeing unused kernel memory: 2008K
[    4.913474] Freeing unused kernel memory: 1892K
[    4.930082] x86/mm: Checked W+X mappings: passed, no W+X pages found.
[    4.931148] x86/mm: Checking user space page tables
[    6.216223] tsc: Refined TSC clocksource calibration: 2596.197 MHz
[    6.252929] clocksource: tsc: mask: 0xffffffffffffffff max_cycles: 0x256c334c9ca, max_idle_ns: 440795213173 ns
[    6.263250] x86/mm: Checked W+X mappings: passed, no W+X pages found.
Loading, please wait...
starting version 237
[    6.461083] e1000: Intel(R) PRO/1000 Network Driver - version 7.3.21-k8-NAPI
[    6.553746] e1000: Copyright (c) 1999-2006 Intel Corporation.
[    6.565296] Fusion MPT base driver 3.04.20
[    6.573752] Copyright (c) 1999-2008 LSI Corporation
[    6.700320] Fusion MPT SPI Host driver 3.04.20
[    6.743790] AVX2 version of gcm_enc/dec engaged.
[    6.766934] AES CTR mode by8 optimization enabled
[    6.909345] input: ImExPS/2 Generic Explorer Mouse as /devices/platform/i8042/serio1/input/input4
[    7.121160] e1000 0000:00:03.0 eth0: (PCI:33MHz:32-bit) 02:db:17:3a:0e:c2
[    7.144834] e1000 0000:00:03.0 eth0: Intel(R) PRO/1000 Network Connection
[    7.546122] mptbase: ioc0: Initiating bringup
[    7.869541] ioc0: LSI53C1030 A0: Capabilities={Initiator}
[    8.163170] scsi host2: ioc0: LSI53C1030 A0, FwRev=00000000h, Ports=1, MaxQ=256, IRQ=20
[    8.345017] scsi 2:0:0:0: Direct-Access     VBOX     HARDDISK         1.0  PQ: 0 ANSI: 5
[    8.704158] scsi target2:0:0: Beginning Domain Validation
[    8.715184] scsi target2:0:0: Domain Validation skipping write tests
[    8.814399] scsi target2:0:0: Ending Domain Validation
[    8.936269] scsi target2:0:0: asynchronous
[    8.956951] e1000 0000:00:08.0 eth1: (PCI:33MHz:32-bit) 08:00:27:a8:48:82
[    8.956955] e1000 0000:00:08.0 eth1: Intel(R) PRO/1000 Network Connection
[    8.968774] scsi 2:0:1:0: Direct-Access     VBOX     HARDDISK         1.0  PQ: 0 ANSI: 5
[    8.969200] e1000 0000:00:08.0 enp0s8: renamed from eth1
[    8.986482] e1000 0000:00:03.0 enp0s3: renamed from eth0
[    9.000576] scsi target2:0:1: Beginning Domain Validation
[    9.017700] random: fast init done
[    9.019067] scsi target2:0:1: Domain Validation skipping write tests
[    9.020122] scsi target2:0:1: Ending Domain Validation
[    9.021251] scsi target2:0:1: asynchronous
[    9.027696] random: systemd-udevd: uninitialized urandom read (16 bytes read)
[    9.029656] sd 2:0:0:0: Attached scsi generic sg0 type 0
[    9.029870] sd 2:0:0:0: [sda] 20971520 512-byte logical blocks: (10.7 GB/10.0 GiB)
[    9.029924] sd 2:0:0:0: [sda] Write Protect is off
[    9.029992] random: systemd-udevd: uninitialized urandom read (16 bytes read)
[    9.030022] sd 2:0:0:0: [sda] Incomplete mode parameter data
[    9.030024] sd 2:0:0:0: [sda] Assuming drive cache: write through
[    9.030045] random: systemd-udevd: uninitialized urandom read (16 bytes read)
[    9.031032]  sda: sda1
[    9.031809] sd 2:0:0:0: [sda] Attached SCSI disk
[    9.055703] sd 2:0:1:0: Attached scsi generic sg1 type 0
[    9.055944] sd 2:0:1:0: [sdb] 20480 512-byte logical blocks: (10.5 MB/10.0 MiB)
[    9.056008] sd 2:0:1:0: [sdb] Write Protect is off
[    9.056171] sd 2:0:1:0: [sdb] Incomplete mode parameter data
[    9.056174] sd 2:0:1:0: [sdb] Assuming drive cache: write through
[    9.059654] sd 2:0:1:0: [sdb] Attached SCSI disk
Begin: Loading essential drivers ... [   10.653247] raid6: sse2x1   gen()  7498 MB/s
[   10.720713] raid6: sse2x1   xor()  5575 MB/s
[   10.828026] raid6: sse2x2   gen()  9132 MB/s
[   11.033016] raid6: sse2x2   xor()  6497 MB/s
[   11.133006] raid6: sse2x4   gen() 10062 MB/s
[   11.193022] raid6: sse2x4   xor()  5845 MB/s
[   11.248678] raid6: avx2x1   gen() 13654 MB/s
[   11.296075] raid6: avx2x1   xor()  9462 MB/s
[   11.352613] raid6: avx2x2   gen() 15755 MB/s
[   11.413283] raid6: avx2x2   xor() 10475 MB/s
[   11.548486] raid6: avx2x4   gen() 20085 MB/s
[   11.633287] raid6: avx2x4   xor() 12768 MB/s
[   11.734081] raid6: using algorithm avx2x4 gen() 20085 MB/s
[   11.735223] raid6: .... xor() 12768 MB/s, rmw enabled
[   11.736302] raid6: using avx2x2 recovery algorithm
[   11.740186] xor: automatically using best checksumming function   avx       
[   11.746143] async_tx: api initialized (async)
done.
Begin: Running /scripts/init-premount ... done.
Begin: Mounting root file system ... Begin: Running /scripts/local-top ... done.
Begin: Running /scripts/local-premount ... [   11.872539] Btrfs loaded, crc32c=crc32c-intel
Scanning for Btrfs filesystems
done.
Warning: fsck no[   11.924126] EXT4-fs (sda1): mounted filesystem with ordered data mode. Opts: (null)
t present, so skipping root file system
done.
Begin: Running /scripts/local-bottom ... done.
Begin: Running /scripts/init-bottom ... done.
[   12.246847] ip_tables: (C) 2000-2006 Netfilter Core Team
[   12.267113] systemd[1]: systemd 237 running in system mode. (+PAM +AUDIT +SELINUX +IMA +APPARMOR +SMACK +SYSVINIT +UTMP +LIBCRYPTSETUP +GCRYPT +GNUTLS +ACL +XZ +LZ4 +SECCOMP +BLKID +ELFUTILS +KMOD -IDN2 +IDN -PCRE2 default-hierarchy=hybrid)
[   12.795069] systemd[1]: Detected virtualization oracle.
[   12.796897] systemd[1]: Detected architecture x86-64.

Welcome to [1mUbuntu 18.04.2 LTS[0m!

[   12.822034] systemd[1]: Set hostname to <ubuntu>.
[   12.828778] systemd[1]: Initializing machine ID from random generator.
[   12.833553] systemd[1]: Installed transient /etc/machine-id file.
[   13.557562] systemd[1]: Reached target System Time Synchronized.
[[0;32m  OK  [0m] Reached target System Time Synchronized.
[   13.561248] systemd[1]: Set up automount Arbitrary Executable File Formats File System Automount Point.
[[0;32m  OK  [0m] Set up automount Arbitrary Executab…rmats File System Automount Point.
[   13.567309] systemd[1]: Reached target User and Group Name Lookups.
[[0;32m  OK  [0m] Reached target User and Group Name Lookups.
[   13.570012] systemd[1]: Reached target Swap.
[[0;32m  OK  [0m] Reached target Swap.
[[0;32m  OK  [0m] Created slice User and Session Slice.
[[0;32m  OK  [0m] Created slice System Slice.
[[0;32m  OK  [0m] Listening on Network Service Netlink Socket.
[[0;32m  OK  [0m] Listening on Syslog Socket.
[[0;32m  OK  [0m] Listening on Device-mapper event daemon FIFOs.
[[0;32m  OK  [0m] Listening on udev Control Socket.
[[0;32m  OK  [0m] Listening on LVM2 poll daemon socket.
[[0;32m  OK  [0m] Listening on LVM2 metadata daemon socket.
[[0;32m  OK  [0m] Listening on Journal Socket (/dev/log).
[[0;32m  OK  [0m] Reached target Slices.
[[0;32m  OK  [0m] Created slice system-serial\x2dgetty.slice.
[[0;32m  OK  [0m] Listening on Journal Socket.
         Starting Remount Root and Kernel File Systems...
         Starting Load Kernel Modules...
         Mounting POSIX Message Queue File System...
         Starting Create list of required st…ce nodes for the current kernel...
         Starting Uncomplicated firewall...
         Mounting Huge Pages File System...
[   13.654682] Loading iSCSI transport class v2.0-870.
         Starting Set the console keyboard layout...
[[0;32m  OK  [0m] Started Forward Password Requests to Wall Directory Watch.
         Starting Monitoring of LVM2 mirrors…ng dmeventd or progress polling...
         Mounting Kernel Debug File System...
[[0;32m  OK  [0m] Listening on /de[   13.672419] iscsi: registered transport (tcp)
v/initctl Compatibility Named Pipe.
[[0;32m  OK  [0m] Listening on Journal Audit Socket.
[[0;32m  OK  [0m] Listening on udev Kernel Socket.
         Starting udev Coldplug all Devices...
         Starting Journal Service...
[[0;32m  OK  [0m] Started Create list of required sta…vice nodes for the current kernel.
[[0;32m  OK  [0m] Started Uncomplicated firewall.
         Starting Create Static Device Nodes in /dev...
[[0;32m  OK  [0m] Started LVM2 metadata daemon.
[   13.790504] iscsi: registered transport (iser)
[[0;32m  OK  [0m] Started Load Kernel Modules.
[[0;32m  OK  [0m] Mounted POSIX Message Queue File System.
[[0;32m  OK  [0m] Mounted Huge Pages File System.
[[0;32m  OK  [0m] Mounted Kernel Debug File System.
         Starting Apply Kernel Variables...
         Mounting Kernel Configuration File System...
         Mounting FUSE Control File System...
[[0;32m  OK  [0m] Mounted FUSE Control File System.
[[0;32m  OK  [0m] Mounted Kernel Configuration File System.
[[0;32m  OK  [0m] Started Journal Service.
[[0;32m  OK  [0m] Started Crea[   13.882649] EXT4-fs (sda1): re-mounted. Opts: (null)
te Static Device Nodes in /dev.
[[0;32m  OK  [0m] Started udev Coldplug all Devices.
[[0;32m  OK  [0m] Started Remount Root and Kernel File Systems.
         Starting Load/Save Random Seed...
         Starting udev Kernel Device Manager...
         Starting Flush Journal to Persistent Storage...
         Starting Initial cloud-init job (pre-networking)...
[[0;32m  OK  [0m] Started Monitoring of LVM2 mirrors,…sing dmeventd or progress polling.
[[0;32m  OK  [0m] Started Load/Save Random Seed.
[[0;32m  OK  [0m] Started udev Kernel Device Manager.
[[0;32m  OK  [0m] Started Apply Kernel Variables.
[[0;32m  OK  [0m] Started Flush Journal to Persistent Storage.
[[0;32m  OK  [0m] Started Set the console keyboard layout.
[[0;32m  OK  [0m] Started Dispatch Password Requests to Console Directory Watch.
[[0;32m  OK  [0m] Reached target Local Encrypted Volumes.
[[0;32m  OK  [0m] Reached target Local File Systems (Pre).
[[0;32m  OK  [0m] Reached target Local File Systems.
         Starting ebtables ruleset management...
         Starting Create Volatile Files and Directories...
         Starting Commit a transient machine-id on disk...
         Starting AppArmor initialization...
         Starting Set console font and keymap...
         Starting Tell Plymouth To Write Out Runtime Data...
[[0;32m  OK  [0m] Started Create Volatile Files and Directories.
[[0;32m  OK  [0m] Found device /dev/ttyS0.
         Starting Update UTMP about System Boot/Shutdown...
[[0;32m  OK  [0m] Started Set console font and keymap.
[[0;32m  OK  [0m] Started Tell Plymouth To Write Out Runtime Data.
[[0;32m  OK  [0m] Started Update UTMP about System Boot/Shutdown.
[[0;32m  OK  [0m] Started Commit a transient machine-id on disk.
[[0;32m  OK  [0m] Listening on Load/Save RF Kill Switch Status /dev/rfkill Watch.
[[0;32m  OK  [0m] Started ebtables ruleset management.
[[0;32m  OK  [0m] Started AppArmor initialization.
[   16.001557] cloud-init[410]: Cloud-init v. 18.4-0ubuntu1~18.04.1 running 'init-local' at Sat, 09 Mar 2019 22:47:38 +0000. Up 15.50 seconds.
[[0;32m  OK  [0m] Started Initial cloud-init job (pre-networking).
[[0;32m  OK  [0m] Reached target Network (Pre).
         Starting Network Service...
[[0;32m  OK  [0m] Started Network Service.
         Starting Wait for Network to be Configured...
         Starting Network Name Resolution...
[[0;32m  OK  [0m] Started Network Name Resolution.
[[0;32m  OK  [0m] Reached target Host and Network Name Lookups.
[[0;32m  OK  [0m] Reached target Network.
[[0;32m  OK  [0m] Started Wait for Network to be Configured.
         Starting Initial cloud-init job (metadata service crawler)...
[   18.322636] cloud-init[623]: Cloud-init v. 18.4-0ubuntu1~18.04.1 running 'init' at Sat, 09 Mar 2019 22:47:41 +0000. Up 18.12 seconds.
[   18.325524] cloud-init[623]: ci-info: ++++++++++++++++++++++++++++++++++++++Net device info++++++++++++++++++++++++++++++++++++++
[   18.327826] cloud-init[623]: ci-info: +--------+-------+---------------------------+---------------+--------+-------------------+
[   18.332593] cloud-init[623]: ci-info: | Device |   Up  |          Address          |      Mask     | Scope  |     Hw-Address    |
[   18.334139] cloud-init[623]: ci-info: +--------+-------+---------------------------+---------------+--------+-------------------+
[   18.335889] cloud-init[623]: ci-info: | enp0s3 |  True |         10.0.2.15         | 255.255.255.0 | global | 02:db:17:3a:0e:c2 |
[   18.337440] cloud-init[623]: ci-info: | enp0s3 |  True | fe80::db:17ff:fe3a:ec2/64 |       .       |  link  | 02:db:17:3a:0e:c2 |
[   18.338991] cloud-init[623]: ci-info: | enp0s8 | False |             .             |       .       |   .    | 08:00:27:a8:48:82 |
[   18.341029] cloud-init[623]: ci-info: |   lo   |  True |         127.0.0.1         |   255.0.0.0   |  host  |         .         |
[   18.342547] cloud-init[623]: ci-info: |   lo   |  True |          ::1/128          |       .       |  host  |         .         |
[   18.345020] cloud-init[623]: ci-info: +--------+-------+---------------------------+---------------+--------+-------------------+
[   18.346691] cloud-init[623]: ci-info: ++++++++++++++++++++++++++++Route IPv4 info+++++++++++++++++++++++++++++
[   18.353333] cloud-init[623]: ci-info: +-------+-------------+----------+-----------------+-----------+-------+
[   18.370955] cloud-init[623]: ci-info: | Route | Destination | Gateway  |     Genmask     | Interface | Flags |
[   18.373655] cloud-init[623]: ci-info: +-------+-------------+----------+-----------------+-----------+-------+
[   18.375521] cloud-init[623]: ci-info: |   0   |   0.0.0.0   | 10.0.2.2 |     0.0.0.0     |   enp0s3  |   UG  |
[   18.379258] cloud-init[623]: ci-info: |   1   |   10.0.2.0  | 0.0.0.0  |  255.255.255.0  |   enp0s3  |   U   |
[   18.382479] cloud-init[623]: ci-info: |   2   |   10.0.2.2  | 0.0.0.0  | 255.255.255.255 |   enp0s3  |   UH  |
[   18.385487] cloud-init[623]: ci-info: +-------+-------------+----------+-----------------+-----------+-------+
[   18.387441] cloud-init[623]: ci-info: +++++++++++++++++++Route IPv6 info+++++++++++++++++++
[   18.398600] cloud-init[623]: ci-info: +-------+-------------+---------+-----------+-------+
[   18.401195] cloud-init[623]: ci-info: | Route | Destination | Gateway | Interface | Flags |
[   18.402258] cloud-init[623]: ci-info: +-------+-------------+---------+-----------+-------+
[   18.403417] cloud-init[623]: ci-info: |   1   |  fe80::/64  |    ::   |   enp0s3  |   U   |
[   18.406147] cloud-init[623]: ci-info: |   3   |    local    |    ::   |   enp0s3  |   U   |
[   18.407557] cloud-init[623]: ci-info: |   4   |   ff00::/8  |    ::   |   enp0s3  |   U   |
[   18.409175] cloud-init[623]: ci-info: +-------+-------------+---------+-----------+-------+
[   19.481836] cloud-init[623]: Generating public/private rsa key pair.
[   19.484844] cloud-init[623]: Your identification has been saved in /etc/ssh/ssh_host_rsa_key.
[   19.487113] cloud-init[623]: Your public key has been saved in /etc/ssh/ssh_host_rsa_key.pub.
[   19.490213] cloud-init[623]: The key fingerprint is:
[   19.491237] cloud-init[623]: SHA256:vpaG0SXgGBzABqD0z3hslufFlrVjsh6gl1OEDomDNs0 root@ubuntu-bionic
[   19.493446] cloud-init[623]: The key's randomart image is:
[   19.494793] cloud-init[623]: +---[RSA 2048]----+
[   19.495787] cloud-init[623]: |++.o..           |
[   19.497250] cloud-init[623]: |o B + o .        |
[   19.498252] cloud-init[623]: |.= E * o . .     |
[   19.499502] cloud-init[623]: |. . B = + + .    |
[   19.501559] cloud-init[623]: |   . O =SX +     |
[   19.502495] cloud-init[623]: |    + =.B + .    |
[   19.503705] cloud-init[623]: |     . B.+       |
[   19.505743] cloud-init[623]: |      o *..      |
[   19.506714] cloud-init[623]: |       o..       |
[   19.507652] cloud-init[623]: +----[SHA256]-----+
[   19.511557] cloud-init[623]: Generating public/private dsa key pair.
[   19.513353] cloud-init[623]: Your identification has been saved in /etc/ssh/ssh_host_dsa_key.
[   19.515560] cloud-init[623]: Your public key has been saved in /etc/ssh/ssh_host_dsa_key.pub.
[   19.521873] cloud-init[623]: The key fingerprint is:
[   19.523317] cloud-init[623]: SHA256:bwUWQ0DhuJZEya1sP/TjZBMZiVE/p4zIdgLuKmKMj3Y root@ubuntu-bionic
[   19.531140] cloud-init[623]: The key's randomart image is:
[   19.534859] cloud-init[623]: +---[DSA 1024]----+
[   19.536557] cloud-init[623]: |     ..+=B=.     |
[   19.538028] cloud-init[623]: |     .ooo o+     |
[   19.540032] cloud-init[623]: |     .+.. ooo .  |
[   19.544296] cloud-init[623]: |     o+=.oo+ +   |
[   19.545513] cloud-init[623]: |     .=oS.o.+    |
[   19.546518] cloud-init[623]: |     o .o+*.     |
[   19.547737] cloud-init[623]: |o     .  =oo     |
[   19.548778] cloud-init[[0;32m  OK  [0m] Started Initial cloud-init job (metadata service crawler).
[[0;32m  OK  [0m] Reached target System Initialization.[623]: |o=.E .   ..      |

[   19.553542] cloud-init[623]: |+oo..            |
[   19.554430] cloud-init[623]: +----[SHA256]-----+
[   19.554709] cloud-init[623]: Generating public/private ecdsa key pair.
[   19.555173] cloud-init[623]: Your identification has been saved in /etc/ssh/ssh_host_ecdsa_key.
[   19.555477] cloud-init[623]: Your public key has been saved in /etc/ssh/ssh_host_ecdsa_key.pub.
[   19.555749] cloud-init[623]: The key fingerprint is:
[   19.556091] cloud-init[623]: SHA256:+iPufVFQ6LZzhh+vN1iJLRZn/u8QYD/12CeEMXKm6bI root@ubuntu-bionic
[   19.556349] cloud-init[623]: The key's randomart image is:
[   19.556621] cloud-init[623]: +---[ECDSA 256]---+
[   19.556917] cloud-init[623]: |          .o*    |
[   19.557194] cloud-init[623]: |          o* +   |
[   19.557483] cloud-init[623]: |         .o.+ . .|
[   19.557766] cloud-init[623]: |         .o.o+o+.|
[   19.558051] cloud-init[623]: |        S..+ B*.+|
[   19.558347] cloud-init[623]: |       . o= B =+.|
[   19.558632] cloud-init[623]: |      . E  B *.. |
[   19.558915] cloud-init[623]: |      .o. . o +..|
[   19.559415] cloud-init[623]: |     oo.oo  .o o+|
[   19.559691] cloud-init[623]: +----[SHA256]-----+
[   19.559996] cloud-init[623]: Generating public/private ed25519 key pair.
[   19.560501] cloud-init[623]: Your identification has been saved in /etc/ssh/ssh_host_ed25519_key.
[[   19.582950] cloud-init[623]: Your public key has been saved in /etc/ssh/ssh_host_ed25519_key.pub.
[0;32m  OK  [0m[   19.583161] cloud-init] Listening on Open-iSCSI iscsid Socket.
[623]: The key fingerprint is:
[[0;32m  OK  [0m[   19.587379] cloud-init[623]: SHA256:Pp1ZyArLHf6ytz1rudSEu0QE7nW/UfLh7vRD9Zo9VJ8 root@ubuntu-bionic
] [   19.588042] cloud-init[623]: The key's randomart image is:
Started ACPI Events Check.[   19.589293] cloud-init[623]: +--[ED25519 256]--+

[   19.590377] cloud-init[623]: |          .      |
         Starting LXD - unix socket.[   19.599654] cloud-init[623]: |         . .     |

[   19.601069] cloud-init[623]: |          . o o..|
[[   19.605610] cloud-init[623]: |         o + o.+=|
[0;32m  OK  [0m] [   19.605828] cloud-init[623]: |      . S + + .oO|
Listening on D-Bus System Message Bus Socket.[   19.607076] cloud-init[623]: |     . * + = +.E=|

[   19.608405] cloud-init[623]: |      o * + +.+B |
[   19.609338] cloud-init[623]: |        .o.++.=oo|
[   19.610031] cloud-init[623]: |        .+oo=+ .+|
[[   19.614251] cloud-init[623]: +----[SHA256]-----+
[0;32m  OK  [0m] Started Daily Cleanup of Temporary Directories.
[[0;32m  OK  [0m] Reached target Paths.
         Starting Socket activation for snappy daemon.
[[0;32m  OK  [0m] Started Daily apt download activities.
[[0;32m  OK  [0m] Started Discard unused blocks once a week.
[[0;32m  OK  [0m] Listening on UUID daemon activation socket.
[[0;32m  OK  [0m] Listening on ACPID Listen Socket.
[[0;32m  OK  [0m] Started Message of the Day.
[[0;32m  OK  [0m] Started Daily apt upgrade and clean activities.
[[0;32m  OK  [0m] Reached target Timers.
[[0;32m  OK  [0m] Reached target Cloud-config availability.
[[0;32m  OK  [0m] Reached target Network is Online.
         Starting Availability of block devices...
[[0;32m  OK  [0m] Reached target Remote File Systems (Pre).
[[0;32m  OK  [0m] Reached target Remote File Systems.
[[0;32m  OK  [0m] Listening on LXD - unix socket.
[[0;32m  OK  [0m] Listening on Socket activation for snappy daemon.
[[0;32m  OK  [0m] Started Availability of block devices.
[[0;32m  OK  [0m] Reached target Sockets.
[[0;32m  OK  [0m] Reached target Basic System.
[[0;32m  OK  [0m] Started Deferred execution scheduler.
[[0;32m  OK  [0m] Started Regular background program processing daemon.
         Starting Login Service...
         Starting Permit User Sessions...
         Starting System Logging Service...
         Starting Snappy daemon...
         Starting Dispatcher daemon for systemd-networkd...
         Starting Accounts Service...
[[0;32m  OK  [0m] Started irqbalance daemon.
         Starting Pollinate to seed the pseudo random number generator...
         Starting LSB: automatic crash report generation...
         Starting Virtualbox guest utils...
[[0;32m  OK  [0m] Started FUSE filesystem for LXC.
         Starting LSB: Record successful boot for GRUB...
         Starting LXD - container startup/shutdown...
[[0;32m  OK  [0m] Started D-Bus System Message Bus.
[[0;32m  OK  [0m] Started Login Service.
[[0;32m  OK  [0m] Started Unattended Upgrades Shutdown.
[[0;32m  OK  [0m] Started System Logging Service.
[[0;32m  OK  [0m] Started Permit User Sessions.
         Starting Terminate Plymouth Boot Screen...
         Starting Hold until boot process finishes up...
[[0;32m  OK  [0m] Started Hold until boot process finishes up.
[[0;32m  OK  [0m] Started Terminate Plymouth Boot Screen.
[[0;32m  OK  [0m] Started Serial Getty on ttyS0.
         Starting Set console scheme...
[[0;32m  OK  [0m] Started Set console scheme.
[[0;32m  OK  [0m] Created slice system-getty.slice.
[[0;32m  OK  [0m] Started Getty on tty1.
[[0;32m  OK  [0m] Reached target Login Prompts.
[[0;32m  OK  [0m] Started LSB: automatic crash report generation.
         Starting Authorization Manager...
[[0;32m  OK  [0m] Started LSB: Record successful boot for GRUB.
[[0;32m  OK  [0m] Started Snappy daemon.
         Starting Wait until snapd is fully seeded...
[[0;32m  OK  [0m] Started Authorization Manager.
[[0;32m  OK  [0m] Started Accounts Service.
[[0;32m  OK  [0m] Started Dispatcher daemon for systemd-networkd.
[[0;32m  OK  [0m] Started Virtualbox guest utils.
[[0;32m  OK  [0m] Started LXD - container startup/shutdown.
[[0;32m  OK  [0m] Started Pollinate to seed the pseudo random number generator.
         Starting OpenBSD Secure Shell server...
[[0;32m  OK  [0m] Started OpenBSD Secure Shell server.
[[0;32m  OK  [0m] Created slice User Slice of vagrant.
         Starting User Manager for UID 1000...
[[0;32m  OK  [0m] Started Session 1 of user vagrant.
[[0;32m  OK  [0m] Started User Manager for UID 1000.
[[0;32m  OK  [0m] Started Wait until snapd is fully seeded.
         Starting Apply the settings specified in cloud-config...
[[0;32m  OK  [0m] Reached target Multi-User System.
[[0;32m  OK  [0m] Reached target Graphical Interface.
         Starting Update UTMP about System Runlevel Changes...
[[0;32m  OK  [0m] Started Update UTMP about System Runlevel Changes.
[   24.301173] cloud-init[1245]: Cloud-init v. 18.4-0ubuntu1~18.04.1 running 'modules:config' at Sat, 09 Mar 2019 22:47:46 +0000. Up 23.78 seconds.
[[0;32m  OK  [0m] Started Apply the settings specified in cloud-config.
         Starting Execute cloud user/final scripts...
ci-info: no authorized ssh keys fingerprints found for user ubuntu.
<14>Mar  9 22:47:47 ec2: 
<14>Mar  9 22:47:47 ec2: #############################################################
<14>Mar  9 22:47:47 ec2: -----BEGIN SSH HOST KEY FINGERPRINTS-----
<14>Mar  9 22:47:47 ec2: 1024 SHA256:bwUWQ0DhuJZEya1sP/TjZBMZiVE/p4zIdgLuKmKMj3Y root@ubuntu-bionic (DSA)
<14>Mar  9 22:47:47 ec2: 256 SHA256:+iPufVFQ6LZzhh+vN1iJLRZn/u8QYD/12CeEMXKm6bI root@ubuntu-bionic (ECDSA)
<14>Mar  9 22:47:47 ec2: 256 SHA256:Pp1ZyArLHf6ytz1rudSEu0QE7nW/UfLh7vRD9Zo9VJ8 root@ubuntu-bionic (ED25519)
<14>Mar  9 22:47:47 ec2: 2048 SHA256:vpaG0SXgGBzABqD0z3hslufFlrVjsh6gl1OEDomDNs0 root@ubuntu-bionic (RSA)
<14>Mar  9 22:47:47 ec2: -----END SSH HOST KEY FINGERPRINTS-----
<14>Mar  9 22:47:47 ec2: #############################################################
-----BEGIN SSH HOST KEY KEYS-----
ecdsa-sha2-nistp256 AAAAE2VjZHNhLXNoYTItbmlzdHAyNTYAAAAIbmlzdHAyNTYAAABBBGqQ7TXCwEXA6ikMMUiPjhRTRfOQPEFtMB1sescFOY9fMsMwEu4KROteUmIClBFyU1vNohzlylVd0XNW5I5L1oI= root@ubuntu-bionic
ssh-ed25519 AAAAC3NzaC1lZDI1NTE5AAAAIIrF+VX7BE/hTlKYYr/h5bkesg9oirQDp6dTOXD4MU8+ root@ubuntu-bionic
ssh-rsa AAAAB3NzaC1yc2EAAAADAQABAAABAQC55yNevoSBPUWbLPrJL3WTGLAM40u+Ot49NTxjfKwBEYmFWmUUk+bQ3c1aOOOTxBGFvUnVufo2X3lVW6tRcLEPCaoIY7CeqCPO3nBEjC8cWBsnJcWVEuoTHZwNUMqOe6wp/qpfGnxEiSlACCwBMQLsxNUsrDo/9wVDv7f6x+RHveyUwQqaqkqRZ0valEEa2p8S+33qIoAalQ7I9YPvrO5OpxMJWKyTIOuH8tDcRzGC/NeqUz7CurdAu7V/2zI50jsKHPnHMOKaneLfFEd7Fie9kObEqM/ZacHT9GO1FZimHiMZvyGkaWcA8XQNi3ORUjW7ceGhFX3z6IxHeXWhCAAz root@ubuntu-bionic
-----END SSH HOST KEY KEYS-----
[   25.055315] cloud-init[1347]: Cloud-init v. 18.4-0ubuntu1~18.04.1 running 'modules:final' at Sat, 09 Mar 2019 22:47:47 +0000. Up 24.82 seconds.
[   25.069273] cloud-init[1347]: ci-info: no authorized ssh keys fingerprints found for user ubuntu.
[   25.075379] cloud-init[1347]: Cloud-init v. 18.4-0ubuntu1~18.04.1 finished at Sat, 09 Mar 2019 22:47:47 +0000. Datasource DataSourceNoCloud [seed=/dev/sdb][dsmode=net].  Up 25.04 seconds
[[0;32m  OK  [0m] Started Execute cloud user/final scripts.
[[0;32m  OK  [0m] Reached target Cloud-init target.

Ubuntu 18.04.2 LTS ubuntu-bionic ttyS0

ubuntu-bionic login: 